C51 COMPILER V9.56.0.0   ALLINTERRUPT                                                      05/02/2019 16:24:08 PAGE 1   


C51 COMPILER V9.56.0.0, COMPILATION OF MODULE ALLINTERRUPT
OBJECT MODULE PLACED IN Allinterrupt.OBJ
COMPILER INVOKED BY: F:\Temp\Keil\C51\BIN\C51.EXE Allinterrupt.c OPTIMIZE(8,SPEED) BROWSE DEBUG OBJECTEXTEND TABS(2)

line level    source

   1          #include <STC12C5A60S2.H>
   2          #include "Value.h"
   3          #include "FIFO.h"
   4          #include "LED.h"
   5          
   6          void UART1() interrupt 4
   7          {
   8   1        if(RI)
   9   1        {
  10   2          bufferPush(SBUF);
  11   2          RI = 0;
  12   2          LED7 = 0;
  13   2        }
  14   1        if(TI)
  15   1        {
  16   2          TI = 0;
  17   2          LED8 = 0;
  18   2        }
  19   1      }
  20          
  21          void UART2() interrupt 8
  22          {
  23   1        if(S2CON & S2RI)
  24   1        {
  25   2          S2CON &= ~S2RI;//清RI
  26   2        }
  27   1        if(S2CON & S2TI)
  28   1        {
  29   2          S2CON &= ~S2TI;//清TI
  30   2        }
  31   1      }
  32          
  33          void Int0() interrupt 0
  34          {
  35   1      
  36   1      }
  37          
  38          //Main函数中IT0 = 1;EX0 = 1;EA = 1;


MODULE INFORMATION:   STATIC OVERLAYABLE
   CODE SIZE        =     97    ----
   CONSTANT SIZE    =   ----    ----
   XDATA SIZE       =   ----    ----
   PDATA SIZE       =   ----    ----
   DATA SIZE        =   ----    ----
   IDATA SIZE       =   ----    ----
   BIT SIZE         =   ----    ----
END OF MODULE INFORMATION.


C51 COMPILATION COMPLETE.  0 WARNING(S),  0 ERROR(S)
