C51 COMPILER V9.56.0.0   DELAYMS                                                           06/06/2019 03:24:46 PAGE 1   


C51 COMPILER V9.56.0.0, COMPILATION OF MODULE DELAYMS
OBJECT MODULE PLACED IN Delayms.OBJ
COMPILER INVOKED BY: F:\Temp\Keil\C51\BIN\C51.EXE Delayms.c OPTIMIZE(8,SPEED) BROWSE DEBUG OBJECTEXTEND TABS(2)

line level    source

   1          #include "Delayms.h"
   2          
   3          void Delayms(unsigned int n)
   4          {
   5   1          unsigned int i,j;
   6   1          for(j=n;j>0;j--)
   7   1          for(i=950;i>0;i--);
   8   1      }


MODULE INFORMATION:   STATIC OVERLAYABLE
   CODE SIZE        =     30    ----
   CONSTANT SIZE    =   ----    ----
   XDATA SIZE       =   ----    ----
   PDATA SIZE       =   ----    ----
   DATA SIZE        =   ----    ----
   IDATA SIZE       =   ----    ----
   BIT SIZE         =   ----    ----
END OF MODULE INFORMATION.


C51 COMPILATION COMPLETE.  0 WARNING(S),  0 ERROR(S)
