C51 COMPILER V9.56.0.0   MAIN                                                              06/06/2019 03:24:46 PAGE 1   


C51 COMPILER V9.56.0.0, COMPILATION OF MODULE MAIN
OBJECT MODULE PLACED IN main.OBJ
COMPILER INVOKED BY: F:\Temp\Keil\C51\BIN\C51.EXE main.c OPTIMIZE(8,SPEED) BROWSE DEBUG OBJECTEXTEND TABS(2)

line level    source

   1          #include <STC12C5A60S2.H>
   2          #include "ESPInit.h"
   3          #include "UartInit.h"
   4          #include "LED.h"
   5          #include "Value.h"
   6          #include "FIFO.h"
   7          #include "Delayms.h"
   8          #include "UartSend.h"
   9          #include <STRING.H>
  10          
  11          unsigned int FLAG = 0;
  12          unsigned char dat = 0;
  13          unsigned char len = 0;
  14          unsigned int count = 0;
  15          unsigned int cot = 0;
  16          unsigned int bits = 0;
  17          unsigned int TXmode = 1;
  18          
  19          void main()
  20          {
  21   1        EA = 1;
  22   1        UartInit1();
  23   1        UartInit2();
  24   1        //Timer0Init();
  25   1        Delayms(1000);
  26   1        ESPInit_MODE();
  27   1        //SFLAG = 1;
  28   1        while(1){
  29   2          switch(FLAG){
  30   3            case 1 :
  31   3              bufferPop(&dat);
  32   3              UART1_Send(dat);
  33   3                switch(dat){
  34   4                  case 0x0A :
  35   4                  UART2_Send(dat);
  36   4                  if(cot == 2){         
  37   5                  Delayms(2000);
  38   5                  Delayms(2000);
  39   5                  Delayms(2000);
  40   5                  Delayms(2000);
  41   5                  Delayms(2000);
  42   5                  cot++;}
  43   4                  else{
  44   5                  Delayms(1000);
  45   5                  cot++;}             
  46   4                  break;
  47   4                  case 0xFE :
  48   4                  FLAG = 0;
  49   4                  LED1 = 0;
  50   4                  SFLAG = 1;
  51   4                  cot = 0;
  52   4                  break;
  53   4                  default :
  54   4                  UART2_Send(dat);
  55   4                }
C51 COMPILER V9.56.0.0   MAIN                                                              06/06/2019 03:24:46 PAGE 2   

  56   3                break;
  57   3              /*case 2 :
  58   3                len = buffer.circle_buffer[buffer.head_pos + 3];
  59   3                UART1_SendData("AT+CIPSEND=0,");
  60   3                UART1_Send(len+48);
  61   3                UART1_SendData("\r\n");
  62   3                int i = 7;
  63   3                for(i < len)
  64   3                
  65   3                FLAG = 0;
  66   3              
  67   3                break;
  68   3                */
  69   3                case 2 :
  70   3                switch(TXmode){
  71   4                  case 0 :
  72   4                  UART2_SendData("AT+CIPSEND=0,6\r\n");
  73   4                  Delayms(500);
  74   4                  for(bits=5;bits<9;bits++)
  75   4                {
  76   5                    UART2_Send(buffer.circle_buffer[bits]);
  77   5                }
  78   4                    UART2_SendData("\r\n");
  79   4                  break;
  80   4                  case 1 :
  81   4                  UART2_SendData("AT+CIPSEND=0,38\r\n");
  82   4                  Delayms(500);
  83   4                  for(bits=5;bits<41;bits++)
  84   4                {
  85   5                    UART2_Send(buffer.circle_buffer[bits]);
  86   5                }
  87   4                    UART2_SendData("\r\n");
  88   4                    break;  
  89   4                }
  90   3                  FLAG = 0;
  91   3                  SFLAG = 1;
  92   3                break;
  93   3                /*case 3 :
  94   3                TXmode = 0;
  95   3                FLAG = 0;
  96   3                SFLAG = 1;
  97   3                break;
  98   3                case 4 :
  99   3                TXmode = 1;
 100   3                FLAG = 0;
 101   3                SFLAG = 1;
 102   3                break;
 103   3                */
 104   3            default :
 105   3              Delayms(50);
 106   3            } 
 107   2          
 108   2      }
 109   1      }
 110          //串口1 ESP8266触发代码，用于备用
 111          /*void UART1() interrupt 4
 112          {
 113            if(RI && SFLAG == 1)
 114            {
 115              switch(SBUF){
 116                case 0xFC :
 117                  memset(buffer.circle_buffer, 0, sizeof(unsigned char)*90);
C51 COMPILER V9.56.0.0   MAIN                                                              06/06/2019 03:24:46 PAGE 3   

 118                  buffer.head_pos = 0;
 119                  buffer.tail_pos = 0;
 120                  RI = 0;
 121                  break;
 122                case 0xFE :
 123                  FLAG = 1;
 124                  bufferPush(0xFE);
 125                  RI = 0;
 126                  LED8 = ~LED8;
 127                  SFLAG = 0;
 128                  break;
 129                default :
 130                  bufferPush(SBUF);
 131                  RI = 0;
 132              }
 133            }
 134            else if (RI)
 135              RI = 0;
 136            
 137            if(TI)
 138            {
 139              TI = 0;
 140            }
 141          }
 142          */
 143          void UART1() interrupt 4
 144          {
 145   1        if(RI && SFLAG == 1){
 146   2          switch(SBUF){
 147   3            case 0x20 :
 148   3            memset(buffer.circle_buffer, 0, sizeof(unsigned char)*90);
 149   3            buffer.head_pos = 0;
 150   3            buffer.tail_pos = 0;  
 151   3            bufferPush(0x20);
 152   3            RI = 0;
 153   3            break;
 154   3            case 0x03 :
 155   3            FLAG = 2;
 156   3            bufferPush(0x03);
 157   3            RI = 0;
 158   3            SFLAG = 0;
 159   3            break;
 160   3            default:
 161   3            bufferPush(SBUF);
 162   3            RI = 0;
 163   3          }
 164   2        }
 165   1        else if(RI && SFLAG == 0)
 166   1          RI = 0;
 167   1            
 168   1        if(TI)
 169   1          TI = 0;
 170   1      }
 171            
 172          void UART2() interrupt 8
 173          {
 174   1        if(S2CON & S2RI && SFLAG == 1)
 175   1        {
 176   2          switch(S2BUF){
 177   3            case 0xFC :
 178   3              memset(buffer.circle_buffer, 0, sizeof(unsigned char)*90);
 179   3              buffer.head_pos = 0;
C51 COMPILER V9.56.0.0   MAIN                                                              06/06/2019 03:24:46 PAGE 4   

 180   3              buffer.tail_pos = 0;
 181   3              S2CON &= ~S2RI;
 182   3              break;
 183   3            case 0xFE :
 184   3              FLAG = 1;
 185   3              bufferPush(0xFE);
 186   3              S2CON &= ~S2RI;
 187   3              LED8 = ~LED8;
 188   3              SFLAG = 0;
 189   3              break;
 190   3            /*case 0xFA :
 191   3              FLAG = 3;
 192   3              S2CON &= ~S2RI;
 193   3              SFLAG = 0;
 194   3              break;
 195   3            case 0xFB :
 196   3              FLAG = 4;
 197   3              S2CON &= ~S2RI;
 198   3              SFLAG = 0;
 199   3              break;
 200   3            */
 201   3            default :
 202   3              bufferPush(S2BUF);
 203   3              S2CON &= ~S2RI;
 204   3          }
 205   2        }
 206   1        else if (S2CON & S2RI && SFLAG == 0)
 207   1          S2CON &= ~S2RI;
 208   1        
 209   1        if(S2CON & S2TI)
 210   1        {
 211   2          S2CON &= ~S2TI;
 212   2        }
 213   1      }
 214          
 215          
 216          //串口1调试串口2用代码
 217          /*
 218          void UART2() interrupt 8
 219          {
 220            if(S2CON & S2RI &&SFLAG == 1)
 221            {
 222              S2CON &= ~S2RI;//清RI
 223              bufferPush(S2BUF);
 224            }
 225            else if (S2CON & S2RI && SFLAG == 0)
 226              S2CON &= ~S2RI;
 227            
 228            if(S2CON & S2TI)
 229            {
 230              S2CON &= ~S2TI;//清TI
 231            }
 232          }
 233          */


MODULE INFORMATION:   STATIC OVERLAYABLE
   CODE SIZE        =    615    ----
   CONSTANT SIZE    =     38    ----
   XDATA SIZE       =   ----    ----
   PDATA SIZE       =   ----    ----
   DATA SIZE        =     12    ----
C51 COMPILER V9.56.0.0   MAIN                                                              06/06/2019 03:24:46 PAGE 5   

   IDATA SIZE       =   ----    ----
   BIT SIZE         =   ----    ----
END OF MODULE INFORMATION.


C51 COMPILATION COMPLETE.  0 WARNING(S),  0 ERROR(S)
