C51 COMPILER V9.56.0.0   UARTINIT                                                          06/06/2019 03:24:46 PAGE 1   


C51 COMPILER V9.56.0.0, COMPILATION OF MODULE UARTINIT
OBJECT MODULE PLACED IN UartInit.OBJ
COMPILER INVOKED BY: F:\Temp\Keil\C51\BIN\C51.EXE UartInit.c OPTIMIZE(8,SPEED) BROWSE DEBUG OBJECTEXTEND TABS(2)

line level    source

   1          #include <STC12C5A60S2.H>
   2          #include "UartInit.h"
   3          
   4          void UartInit1(void)    //9600bps@11.0592MHz
   5          {
   6   1        PCON &= 0x7F;   //波特率不倍速
   7   1        SCON = 0x50;    //8位数据,可变波特率
   8   1        AUXR |= 0x40;   //定时器1时钟为Fosc,即1T
   9   1        AUXR &= 0xFE;   //串口1选择定时器1为波特率发生器
  10   1        TMOD &= 0x0F;   //清除定时器1模式位
  11   1        TMOD |= 0x20;   //设定定时器1为8位自动重装方式
  12   1        TL1 = 0xDC;   //设定定时初值
  13   1        TH1 = 0xDC;   //设定定时器重装值
  14   1        ET1 = 0;    //禁止定时器1中断
  15   1        TR1 = 1;    //启动定时器1
  16   1        ES = 1;
  17   1      }
  18          
  19          void UartInit2(void)    //9600bps@11.0592MHz
  20          {
  21   1        AUXR &= 0xF7;   //波特率不倍速
  22   1        S2CON = 0x50;   //8位数据,可变波特率
  23   1        AUXR |= 0x04;   //独立波特率发生器时钟为Fosc,即1T
  24   1        BRT = 0xDC;   //设定独立波特率发生器重装值
  25   1        AUXR |= 0x10;   //启动独立波特率发生器
  26   1      }
  27          
  28          /*void Timer0Init(void)   //1毫秒@11.0592MHz
  29          {
  30            AUXR |= 0x80;   //定时器时钟1T模式
  31            TMOD &= 0xF0;   //设置定时器模式
  32            TMOD |= 0x01;   //设置定时器模式
  33            TL0 = 0xCD;   //设置定时初值
  34            TH0 = 0xD4;   //设置定时初值
  35            TF0 = 0;    //清除TF0标志
  36            TR0 = 1;    //定时器0开始计时
  37            ET0 = 1;
  38          }*/


MODULE INFORMATION:   STATIC OVERLAYABLE
   CODE SIZE        =     47    ----
   CONSTANT SIZE    =   ----    ----
   XDATA SIZE       =   ----    ----
   PDATA SIZE       =   ----    ----
   DATA SIZE        =   ----    ----
   IDATA SIZE       =   ----    ----
   BIT SIZE         =   ----    ----
END OF MODULE INFORMATION.


C51 COMPILATION COMPLETE.  0 WARNING(S),  0 ERROR(S)
